2022-03-17 13:07:10 Notice: Notice (1024): Undefined property: ErrorController::$Auth in /Applications/MAMP/htdocs/cake/superpad/src/Controller/AppController.php on line 72 in [/Applications/MAMP/htdocs/cake/superpad/vendor/cakephp/cakephp/src/Controller/Controller.php, line 321]
Request URL: /assets/js/swiper-bundle.min.js.map;
Trace:
Cake\Error\BaseErrorHandler::handleError() - CORE/src/Error/BaseErrorHandler.php, line 188
Cake\Controller\Controller::__get() - CORE/src/Controller/Controller.php, line 321
App\Controller\AppController::beforeRender() - APP/Controller/AppController.php, line 72
App\Controller\ErrorController::beforeRender() - APP/Controller/ErrorController.php, line 56
Cake\Event\EventManager::_callListener() - CORE/src/Event/EventManager.php, line 309
Cake\Event\EventManager::dispatch() - CORE/src/Event/EventManager.php, line 286
Cake\Controller\Controller::dispatchEvent() - CORE/src/Event/EventDispatcherTrait.php, line 92
Cake\Controller\Controller::render() - CORE/src/Controller/Controller.php, line 686
Cake\Error\ExceptionRenderer::_outputMessage() - CORE/src/Error/ExceptionRenderer.php, line 390
Cake\Error\ExceptionRenderer::render() - CORE/src/Error/ExceptionRenderer.php, line 279
Cake\Error\Middleware\ErrorHandlerMiddleware::handleException() - CORE/src/Error/Middleware/ErrorHandlerMiddleware.php, line 148
Cake\Error\Middleware\ErrorHandlerMiddleware::process() - CORE/src/Error/Middleware/ErrorHandlerMiddleware.php, line 130
Cake\Http\Runner::handle() - CORE/src/Http/Runner.php, line 73
Cake\Http\Runner::run() - CORE/src/Http/Runner.php, line 58
Cake\Http\Server::run() - CORE/src/Http/Server.php, line 90
[main] - ROOT/webroot/index.php, line 40

2022-03-17 13:15:29 Notice: Notice (1024): Undefined property: ErrorController::$Auth in /Applications/MAMP/htdocs/cake/superpad/src/Controller/AppController.php on line 72 in [/Applications/MAMP/htdocs/cake/superpad/vendor/cakephp/cakephp/src/Controller/Controller.php, line 321]
Request URL: /users/images/logo-white.png
Referer URL: http://localhost:8888/cake/superpad/users/check?facebook=true&code=AQAJwyOR6jV_UEiP3yEf6RB7RUpW13QMsPYpbK3rhN5KuD4arEoIccn5WGPnG95yhnmqzqx7I8sP9JIvwkaWFmP1F_VihHtlD3leAkRAlwdpxj-fp7Hl1tWS516Dqpr68cvPlclj016j4QRJHY8EEbS_2f2xdxZckcFDW7YkJaZXmFyyM_8x-l6CkETxJ0bwut2sZ7rkU1GgvXoIsaLBPfnhXmO1cwLPywwLbDYEaaksZnryR1wfGyBQhoVp8t5qIM7qK3Tk1X4qpDJKmnAlc1GZfGjNclAILSU1p_wxAfB-lXyBxag6DNkitOUgpZtjXAM4pE_X8ayrykEtNTFMkW5jlFU8clba2Gq8CgOlya_s-wT0zvD4l19OhT-ohA1r1uDRwZUSvSh4ZSP-w9sGqcvSiynvW92-7zBSQvFPyZ83vA&state=f2c1f0a116995d06588e80b168c44846
Trace:
Cake\Error\BaseErrorHandler::handleError() - CORE/src/Error/BaseErrorHandler.php, line 188
Cake\Controller\Controller::__get() - CORE/src/Controller/Controller.php, line 321
App\Controller\AppController::beforeRender() - APP/Controller/AppController.php, line 72
App\Controller\ErrorController::beforeRender() - APP/Controller/ErrorController.php, line 56
Cake\Event\EventManager::_callListener() - CORE/src/Event/EventManager.php, line 309
Cake\Event\EventManager::dispatch() - CORE/src/Event/EventManager.php, line 286
Cake\Controller\Controller::dispatchEvent() - CORE/src/Event/EventDispatcherTrait.php, line 92
Cake\Controller\Controller::render() - CORE/src/Controller/Controller.php, line 686
Cake\Error\ExceptionRenderer::_outputMessage() - CORE/src/Error/ExceptionRenderer.php, line 390
Cake\Error\ExceptionRenderer::render() - CORE/src/Error/ExceptionRenderer.php, line 279
Cake\Error\Middleware\ErrorHandlerMiddleware::handleException() - CORE/src/Error/Middleware/ErrorHandlerMiddleware.php, line 148
Cake\Error\Middleware\ErrorHandlerMiddleware::process() - CORE/src/Error/Middleware/ErrorHandlerMiddleware.php, line 130
Cake\Http\Runner::handle() - CORE/src/Http/Runner.php, line 73
Cake\Http\Runner::run() - CORE/src/Http/Runner.php, line 58
Cake\Http\Server::run() - CORE/src/Http/Server.php, line 90
[main] - ROOT/webroot/index.php, line 40

2022-03-17 13:15:29 Notice: Notice (1024): Undefined property: ErrorController::$Auth in /Applications/MAMP/htdocs/cake/superpad/src/Controller/AppController.php on line 72 in [/Applications/MAMP/htdocs/cake/superpad/vendor/cakephp/cakephp/src/Controller/Controller.php, line 321]
Request URL: /users/images/logo.png
Referer URL: http://localhost:8888/cake/superpad/users/check?facebook=true&code=AQAJwyOR6jV_UEiP3yEf6RB7RUpW13QMsPYpbK3rhN5KuD4arEoIccn5WGPnG95yhnmqzqx7I8sP9JIvwkaWFmP1F_VihHtlD3leAkRAlwdpxj-fp7Hl1tWS516Dqpr68cvPlclj016j4QRJHY8EEbS_2f2xdxZckcFDW7YkJaZXmFyyM_8x-l6CkETxJ0bwut2sZ7rkU1GgvXoIsaLBPfnhXmO1cwLPywwLbDYEaaksZnryR1wfGyBQhoVp8t5qIM7qK3Tk1X4qpDJKmnAlc1GZfGjNclAILSU1p_wxAfB-lXyBxag6DNkitOUgpZtjXAM4pE_X8ayrykEtNTFMkW5jlFU8clba2Gq8CgOlya_s-wT0zvD4l19OhT-ohA1r1uDRwZUSvSh4ZSP-w9sGqcvSiynvW92-7zBSQvFPyZ83vA&state=f2c1f0a116995d06588e80b168c44846
Trace:
Cake\Error\BaseErrorHandler::handleError() - CORE/src/Error/BaseErrorHandler.php, line 188
Cake\Controller\Controller::__get() - CORE/src/Controller/Controller.php, line 321
App\Controller\AppController::beforeRender() - APP/Controller/AppController.php, line 72
App\Controller\ErrorController::beforeRender() - APP/Controller/ErrorController.php, line 56
Cake\Event\EventManager::_callListener() - CORE/src/Event/EventManager.php, line 309
Cake\Event\EventManager::dispatch() - CORE/src/Event/EventManager.php, line 286
Cake\Controller\Controller::dispatchEvent() - CORE/src/Event/EventDispatcherTrait.php, line 92
Cake\Controller\Controller::render() - CORE/src/Controller/Controller.php, line 686
Cake\Error\ExceptionRenderer::_outputMessage() - CORE/src/Error/ExceptionRenderer.php, line 390
Cake\Error\ExceptionRenderer::render() - CORE/src/Error/ExceptionRenderer.php, line 279
Cake\Error\Middleware\ErrorHandlerMiddleware::handleException() - CORE/src/Error/Middleware/ErrorHandlerMiddleware.php, line 148
Cake\Error\Middleware\ErrorHandlerMiddleware::process() - CORE/src/Error/Middleware/ErrorHandlerMiddleware.php, line 130
Cake\Http\Runner::handle() - CORE/src/Http/Runner.php, line 73
Cake\Http\Runner::run() - CORE/src/Http/Runner.php, line 58
Cake\Http\Server::run() - CORE/src/Http/Server.php, line 90
[main] - ROOT/webroot/index.php, line 40

2022-03-17 13:15:29 Notice: Notice (1024): Undefined property: ErrorController::$Auth in /Applications/MAMP/htdocs/cake/superpad/src/Controller/AppController.php on line 72 in [/Applications/MAMP/htdocs/cake/superpad/vendor/cakephp/cakephp/src/Controller/Controller.php, line 321]
Request URL: /users/images/logo-black.png
Referer URL: http://localhost:8888/cake/superpad/users/check?facebook=true&code=AQAJwyOR6jV_UEiP3yEf6RB7RUpW13QMsPYpbK3rhN5KuD4arEoIccn5WGPnG95yhnmqzqx7I8sP9JIvwkaWFmP1F_VihHtlD3leAkRAlwdpxj-fp7Hl1tWS516Dqpr68cvPlclj016j4QRJHY8EEbS_2f2xdxZckcFDW7YkJaZXmFyyM_8x-l6CkETxJ0bwut2sZ7rkU1GgvXoIsaLBPfnhXmO1cwLPywwLbDYEaaksZnryR1wfGyBQhoVp8t5qIM7qK3Tk1X4qpDJKmnAlc1GZfGjNclAILSU1p_wxAfB-lXyBxag6DNkitOUgpZtjXAM4pE_X8ayrykEtNTFMkW5jlFU8clba2Gq8CgOlya_s-wT0zvD4l19OhT-ohA1r1uDRwZUSvSh4ZSP-w9sGqcvSiynvW92-7zBSQvFPyZ83vA&state=f2c1f0a116995d06588e80b168c44846
Trace:
Cake\Error\BaseErrorHandler::handleError() - CORE/src/Error/BaseErrorHandler.php, line 188
Cake\Controller\Controller::__get() - CORE/src/Controller/Controller.php, line 321
App\Controller\AppController::beforeRender() - APP/Controller/AppController.php, line 72
App\Controller\ErrorController::beforeRender() - APP/Controller/ErrorController.php, line 56
Cake\Event\EventManager::_callListener() - CORE/src/Event/EventManager.php, line 309
Cake\Event\EventManager::dispatch() - CORE/src/Event/EventManager.php, line 286
Cake\Controller\Controller::dispatchEvent() - CORE/src/Event/EventDispatcherTrait.php, line 92
Cake\Controller\Controller::render() - CORE/src/Controller/Controller.php, line 686
Cake\Error\ExceptionRenderer::_outputMessage() - CORE/src/Error/ExceptionRenderer.php, line 390
Cake\Error\ExceptionRenderer::render() - CORE/src/Error/ExceptionRenderer.php, line 279
Cake\Error\Middleware\ErrorHandlerMiddleware::handleException() - CORE/src/Error/Middleware/ErrorHandlerMiddleware.php, line 148
Cake\Error\Middleware\ErrorHandlerMiddleware::process() - CORE/src/Error/Middleware/ErrorHandlerMiddleware.php, line 130
Cake\Http\Runner::handle() - CORE/src/Http/Runner.php, line 73
Cake\Http\Runner::run() - CORE/src/Http/Runner.php, line 58
Cake\Http\Server::run() - CORE/src/Http/Server.php, line 90
[main] - ROOT/webroot/index.php, line 40

